<?xml version="1.0" encoding="UTF-8"?>
<!-- Generated by org.testng.reporters.JUnitXMLReporter -->
<testsuite ignored="0" hostname="Rahi" failures="2" tests="25" name="Test" time="18.755" errors="0" timestamp="2022-06-20T20:32:16 EDT">
  <testcase classname="TestNG.GoogleTest" name="googleTitleTest" time="0.01"/>
  <testcase classname="TestNG.GoogleTest" name="googleLogoTest" time="0.031"/>
  <testcase classname="TestNG.GoogleTest" name="mailLinkTest" time="0.034"/>
  <testcase classname="TestNG.GoogleTest" name="test2" time="0.001"/>
  <testcase classname="TestNG.GoogleTest" name="test1" time="0.001"/>
  <testcase classname="TestNG.GoogleTest" name="test3" time="0.001"/>
  <testcase classname="TestNG.InvocationCountTest" name="sum" time="0.002"/>
  <testcase classname="TestNG.InvocationCountTest" name="sum" time="0.001"/>
  <testcase classname="TestNG.InvocationCountTest" name="sum" time="0.001"/>
  <testcase classname="TestNG.InvocationCountTest" name="sum" time="0.0"/>
  <testcase classname="TestNG.InvocationCountTest" name="sum" time="0.001"/>
  <testcase classname="TestNG.InvocationCountTest" name="sum" time="0.002"/>
  <testcase classname="TestNG.InvocationCountTest" name="sum" time="0.001"/>
  <testcase classname="TestNG.InvocationCountTest" name="sum" time="0.0"/>
  <testcase classname="TestNG.InvocationCountTest" name="sum" time="0.001"/>
  <testcase classname="TestNG.InvocationCountTest" name="sum" time="0.001"/>
  <testcase classname="parametersTestng.ParameterTest" name="yahooLoginTestMethod" time="3.367"/>
  <testcase classname="TestNG.TestNgBasics" name="googleLogoTest" time="0.001"/>
  <testcase classname="TestNG.TestNgBasics" name="googleTest" time="0.0"/>
  <testcase classname="TestNG.TestNgBasics" name="searchTest" time="0.0"/>
  <testcase classname="TestNG.ExceptionTimeOutTest" name="test1" time="0.001"/>
  <testcase classname="TestNG.TestNgFeatures" name="loginTest" time="0.0">
    <failure type="java.lang.ArithmeticException" message="/ by zero">
      <![CDATA[java.lang.ArithmeticException: / by zero
at TestNG.TestNgFeatures.loginTest(TestNgFeatures.java:10)
at java.base/java.util.ArrayList.forEach(ArrayList.java:1511)
... Removed 25 stack frames]]>
    </failure>
  </testcase> <!-- loginTest -->
  <testcase classname="TestNG.TestNgFeatures" name="HomePageTest" time="0.0">
    <skipped/>
  </testcase> <!-- HomePageTest -->
  <testcase classname="TestNG.GoogleTitleTest" name="googleTitleTest" time="0.008">
    <failure type="java.lang.AssertionError" message="Title is not matched expected [Ggle] but found [Google]">
      <![CDATA[java.lang.AssertionError: Title is not matched expected [Ggle] but found [Google]
at TestNG.GoogleTitleTest.googleTitleTest(GoogleTitleTest.java:31)
at java.base/java.util.ArrayList.forEach(ArrayList.java:1511)
... Removed 30 stack frames]]>
    </failure>
  </testcase> <!-- googleTitleTest -->
  <testcase classname="TestNG.GoogleTitleTest" name="googleLogoTest" time="0.027"/>
</testsuite> <!-- Test -->
